<?xml version="1.0" encoding="UTF-8"?>
<testng-results ignored="0" total="4" passed="3" failed="1" skipped="0">
  <reporter-output>
  </reporter-output>
  <suite started-at="2025-08-03T16:15:16 IST" name="Janitri Test Suite" finished-at="2025-08-03T16:15:30 IST" duration-ms="13612">
    <groups>
    </groups>
    <test started-at="2025-08-03T16:15:16 IST" name="Login Test" finished-at="2025-08-03T16:15:30 IST" duration-ms="13612">
      <class name="tests.LoginTests">
        <test-method is-config="true" signature="setup()[pri:0, instance:tests.LoginTests@7e6f74c]" started-at="2025-08-03T16:15:16 IST" name="setup" finished-at="2025-08-03T16:15:27 IST" duration-ms="10787" status="PASS">
          <reporter-output>
          </reporter-output>
        </test-method> <!-- setup -->
        <test-method signature="checkLoginButtonDisabledWhenFieldsAreEmpty()[pri:1, instance:tests.LoginTests@7e6f74c]" started-at="2025-08-03T16:15:27 IST" name="checkLoginButtonDisabledWhenFieldsAreEmpty" description="Attempt login with blank fields and verify UI behavior" finished-at="2025-08-03T16:15:28 IST" duration-ms="523" status="FAIL">
          <exception class="java.lang.AssertionError">
            <message>
              <![CDATA[Login button should be disabled when fields are empty. expected [false] but found [true]]]>
            </message>
            <full-stacktrace>
              <![CDATA[java.lang.AssertionError: Login button should be disabled when fields are empty. expected [false] but found [true]
at org.testng.Assert.fail(Assert.java:111)
at org.testng.Assert.failNotEquals(Assert.java:1590)
at org.testng.Assert.assertFalse(Assert.java:79)
at tests.LoginTests.checkLoginButtonDisabledWhenFieldsAreEmpty(LoginTests.java:15)
at java.base/jdk.internal.reflect.DirectMethodHandleAccessor.invoke(DirectMethodHandleAccessor.java:103)
at java.base/java.lang.reflect.Method.invoke(Method.java:580)
at org.testng.internal.invokers.MethodInvocationHelper.invokeMethod(MethodInvocationHelper.java:141)
at org.testng.internal.invokers.TestInvoker.invokeMethod(TestInvoker.java:687)
at org.testng.internal.invokers.TestInvoker.invokeTestMethod(TestInvoker.java:230)
at org.testng.internal.invokers.MethodRunner.runInSequence(MethodRunner.java:63)
at org.testng.internal.invokers.TestInvoker$MethodInvocationAgent.invoke(TestInvoker.java:995)
at org.testng.internal.invokers.TestInvoker.invokeTestMethods(TestInvoker.java:203)
at org.testng.internal.invokers.TestMethodWorker.invokeTestMethods(TestMethodWorker.java:154)
at org.testng.internal.invokers.TestMethodWorker.run(TestMethodWorker.java:134)
at java.base/java.util.ArrayList.forEach(ArrayList.java:1596)
at org.testng.TestRunner.privateRun(TestRunner.java:741)
at org.testng.TestRunner.run(TestRunner.java:616)
at org.testng.SuiteRunner.runTest(SuiteRunner.java:421)
at org.testng.SuiteRunner.runSequentially(SuiteRunner.java:413)
at org.testng.SuiteRunner.privateRun(SuiteRunner.java:373)
at org.testng.SuiteRunner.run(SuiteRunner.java:312)
at org.testng.SuiteRunnerWorker.runSuite(SuiteRunnerWorker.java:52)
at org.testng.SuiteRunnerWorker.run(SuiteRunnerWorker.java:95)
at org.testng.TestNG.runSuitesSequentially(TestNG.java:1274)
at org.testng.TestNG.runSuitesLocally(TestNG.java:1208)
at org.testng.TestNG.runSuites(TestNG.java:1112)
at org.testng.TestNG.run(TestNG.java:1079)
at org.testng.remote.AbstractRemoteTestNG.run(AbstractRemoteTestNG.java:115)
at org.testng.remote.RemoteTestNG.initAndRun(RemoteTestNG.java:293)
at org.testng.remote.RemoteTestNG.main(RemoteTestNG.java:91)
]]>
            </full-stacktrace>
          </exception> <!-- java.lang.AssertionError -->
          <reporter-output>
          </reporter-output>
        </test-method> <!-- checkLoginButtonDisabledWhenFieldsAreEmpty -->
        <test-method signature="testPasswordMaskedButton()[pri:2, instance:tests.LoginTests@7e6f74c]" started-at="2025-08-03T16:15:28 IST" name="testPasswordMaskedButton" description="Validate password masking/unmasking toggle" finished-at="2025-08-03T16:15:28 IST" duration-ms="232" status="PASS">
          <reporter-output>
          </reporter-output>
        </test-method> <!-- testPasswordMaskedButton -->
        <test-method signature="testInvalidLoginShowsErrorMessage()[pri:3, instance:tests.LoginTests@7e6f74c]" started-at="2025-08-03T16:15:28 IST" name="testInvalidLoginShowsErrorMessage" description="Enter any random credentials and click login â€“ capture and print any error message shown" finished-at="2025-08-03T16:15:29 IST" duration-ms="716" status="PASS">
          <reporter-output>
          </reporter-output>
        </test-method> <!-- testInvalidLoginShowsErrorMessage -->
        <test-method signature="testPresenceOfLoginElements()[pri:4, instance:tests.LoginTests@7e6f74c]" started-at="2025-08-03T16:15:29 IST" name="testPresenceOfLoginElements" description="Validate presence of page elements (e.g., title, input fields, eye icon)" finished-at="2025-08-03T16:15:29 IST" duration-ms="189" status="PASS">
          <reporter-output>
          </reporter-output>
        </test-method> <!-- testPresenceOfLoginElements -->
        <test-method is-config="true" signature="tearDown()[pri:0, instance:tests.LoginTests@7e6f74c]" started-at="2025-08-03T16:15:29 IST" name="tearDown" finished-at="2025-08-03T16:15:30 IST" duration-ms="1010" status="PASS">
          <reporter-output>
          </reporter-output>
        </test-method> <!-- tearDown -->
      </class> <!-- tests.LoginTests -->
    </test> <!-- Login Test -->
  </suite> <!-- Janitri Test Suite -->
</testng-results>
